Using pre-set license
Built from '2020.3/staging' branch; Version is '2020.3.19f1 (68f137dc9bbe) revision 6877495'; Using compiler version '192528614'; Build Type 'Release'
OS: 'Windows 10 Pro; OS build 19043.1237; Version 2009; 64bit' Language: 'fr' Physical Memory: 16343 MB
BatchMode: 1, IsHumanControllingUs: 0, StartBugReporterOnCrash: 0, Is64bit: 1, IsPro: 0

COMMAND LINE ARGUMENTS:
C:\Program Files\Unity\Hub\Editor\2020.3.19f1\Editor\Unity.exe
-adb2
-batchMode
-noUpm
-name
AssetImportWorker1
-projectPath
C:/Users/ELE5f57a4495b85e/Documents/Web_Stories/Web_Stories_Project
-logFile
Logs/AssetImportWorker1.log
-srvPort
54633
Successfully changed project path to: C:/Users/ELE5f57a4495b85e/Documents/Web_Stories/Web_Stories_Project
C:/Users/ELE5f57a4495b85e/Documents/Web_Stories/Web_Stories_Project
Using Asset Import Pipeline V2.
Refreshing native plugins compatible for Editor in 95.18 ms, found 4 plugins.
Preloading 0 native plugins for Editor in 0.00 ms.
Initialize engine version: 2020.3.19f1 (68f137dc9bbe)
[Subsystems] Discovering subsystems at path C:/Program Files/Unity/Hub/Editor/2020.3.19f1/Editor/Data/Resources/UnitySubsystems
[Subsystems] Discovering subsystems at path C:/Users/ELE5f57a4495b85e/Documents/Web_Stories/Web_Stories_Project/Assets
GfxDevice: creating device client; threaded=0
Direct3D:
    Version:  Direct3D 11.0 [level 11.1]
    Renderer: NVIDIA GeForce GTX 1080 (ID=0x1b80)
    Vendor:   
    VRAM:     8079 MB
    Driver:   27.21.14.6647
Initialize mono
Mono path[0] = 'C:/Program Files/Unity/Hub/Editor/2020.3.19f1/Editor/Data/Managed'
Mono path[1] = 'C:/Program Files/Unity/Hub/Editor/2020.3.19f1/Editor/Data/MonoBleedingEdge/lib/mono/unityjit'
Mono config path = 'C:/Program Files/Unity/Hub/Editor/2020.3.19f1/Editor/Data/MonoBleedingEdge/etc'
Using monoOptions --debugger-agent=transport=dt_socket,embedding=1,server=y,suspend=n,address=127.0.0.1:56432
Begin MonoManager ReloadAssembly
Registering precompiled unity dll's ...
Register platform support module: C:/Program Files/Unity/Hub/Editor/2020.3.19f1/Editor/Data/PlaybackEngines/WebGLSupport/UnityEditor.WebGL.Extensions.dll
Register platform support module: C:/Program Files/Unity/Hub/Editor/2020.3.19f1/Editor/Data/PlaybackEngines/WindowsStandaloneSupport/UnityEditor.WindowsStandalone.Extensions.dll
Registered in 0.002108 seconds.
Native extension for WindowsStandalone target not found
Native extension for WebGL target not found
Refreshing native plugins compatible for Editor in 62.55 ms, found 4 plugins.
Preloading 0 native plugins for Editor in 0.00 ms.
Mono: successfully reloaded assembly
- Completed reload, in  1.199 seconds
Domain Reload Profiling:
	ReloadAssembly (1200ms)
		BeginReloadAssembly (51ms)
			ExecutionOrderSort (0ms)
			DisableScriptedObjects (0ms)
			BackupInstance (0ms)
			ReleaseScriptingObjects (0ms)
			CreateAndSetChildDomain (1ms)
		EndReloadAssembly (449ms)
			LoadAssemblies (49ms)
			RebuildTransferFunctionScriptingTraits (0ms)
			SetupTypeCache (168ms)
			ReleaseScriptCaches (0ms)
			RebuildScriptCaches (29ms)
			SetupLoadedEditorAssemblies (180ms)
				LogAssemblyErrors (0ms)
				InitializePlatformSupportModulesInManaged (4ms)
				SetLoadedEditorAssemblies (0ms)
				RefreshPlugins (63ms)
				BeforeProcessingInitializeOnLoad (13ms)
				ProcessInitializeOnLoadAttributes (74ms)
				ProcessInitializeOnLoadMethodAttributes (26ms)
				AfterProcessingInitializeOnLoad (0ms)
				EditorAssembliesLoaded (0ms)
			ExecutionOrderSort2 (0ms)
			AwakeInstancesAfterBackupRestoration (0ms)
Platform modules already initialized, skipping
Registering precompiled user dll's ...
Registered in 0.009781 seconds.
Begin MonoManager ReloadAssembly
Native extension for WindowsStandalone target not found
Native extension for WebGL target not found
Refreshing native plugins compatible for Editor in 80.37 ms, found 4 plugins.
Preloading 0 native plugins for Editor in 0.00 ms.
Mono: successfully reloaded assembly
- Completed reload, in  1.333 seconds
Domain Reload Profiling:
	ReloadAssembly (1334ms)
		BeginReloadAssembly (129ms)
			ExecutionOrderSort (0ms)
			DisableScriptedObjects (4ms)
			BackupInstance (0ms)
			ReleaseScriptingObjects (0ms)
			CreateAndSetChildDomain (17ms)
		EndReloadAssembly (1148ms)
			LoadAssemblies (99ms)
			RebuildTransferFunctionScriptingTraits (0ms)
			SetupTypeCache (380ms)
			ReleaseScriptCaches (1ms)
			RebuildScriptCaches (61ms)
			SetupLoadedEditorAssemblies (475ms)
				LogAssemblyErrors (0ms)
				InitializePlatformSupportModulesInManaged (5ms)
				SetLoadedEditorAssemblies (0ms)
				RefreshPlugins (80ms)
				BeforeProcessingInitializeOnLoad (95ms)
				ProcessInitializeOnLoadAttributes (280ms)
				ProcessInitializeOnLoadMethodAttributes (6ms)
				AfterProcessingInitializeOnLoad (8ms)
				EditorAssembliesLoaded (0ms)
			ExecutionOrderSort2 (0ms)
			AwakeInstancesAfterBackupRestoration (8ms)
Platform modules already initialized, skipping
========================================================================
Worker process is ready to serve import requests
Launched and connected shader compiler UnityShaderCompiler.exe after 0.06 seconds
Refreshing native plugins compatible for Editor in 1.02 ms, found 4 plugins.
Preloading 0 native plugins for Editor in 0.00 ms.
Unloading 3960 Unused Serialized files (Serialized files now loaded: 0)
System memory in use before: 164.0 MB.
System memory in use after: 164.2 MB.

Unloading 82 unused Assets to reduce memory usage. Loaded Objects now: 4341.
Total: 3.237200 ms (FindLiveObjects: 0.324600 ms CreateObjectMapping: 0.192300 ms MarkObjects: 2.678300 ms  DeleteObjects: 0.041000 ms)

AssetImportParameters requested are different than current active one (requested -> active):
  custom:framework-win-MediaFoundation: 216162199b28c13a410421893ffa2e32 -> 
  custom:video-decoder-ogg-theora: a1e56fd34408186e4bbccfd4996cb3dc -> 
  custom:container-muxer-webm: aa71ff27fc2769a1b78a27578f13a17b -> 
  custom:container-demuxer-webm: 4f35f7cbe854078d1ac9338744f61a02 -> 
  custom:container-demuxer-ogg: 62fdf1f143b41e24485cea50d1cbac27 -> 
  custom:video-encoder-webm-vp8: eb34c28f22e8b96e1ab97ce403110664 -> 
  custom:video-decoder-webm-vp8: 9c59270c3fd7afecdb556c50c9e8de78 -> 
  custom:audio-decoder-ogg-vorbis: bf7c407c2cedff20999df2af8eb42d56 -> 
  custom:audio-encoder-webm-vorbis: bf7c407c2cedff20999df2af8eb42d56 -> 
========================================================================
Received Import Request.
  path: Assets/StoryNodes/Felin/F8_Examiner_Sol_L.asset
  artifactKey: Guid(e02f4c22c41a80d41977a41891fcbeba) Importer(815301076,1909f56bfc062723c751e8b465ee728b)
Start importing Assets/StoryNodes/Felin/F8_Examiner_Sol_L.asset using Guid(e02f4c22c41a80d41977a41891fcbeba) Importer(815301076,1909f56bfc062723c751e8b465ee728b)  -> (artifact id: '618d0f1b269ba9b5308658ad4af2f43c') in 0.030094 seconds 
  Import took 0.035131 seconds .

========================================================================
Received Import Request.
  Time since last request: 47.040644 seconds.
  path: Assets/StoryNodes/Felin/F8_Pelage_Canape_L.asset
  artifactKey: Guid(d1e22ab08aa07c640a4015646b2c8f92) Importer(815301076,1909f56bfc062723c751e8b465ee728b)
Start importing Assets/StoryNodes/Felin/F8_Pelage_Canape_L.asset using Guid(d1e22ab08aa07c640a4015646b2c8f92) Importer(815301076,1909f56bfc062723c751e8b465ee728b)  -> (artifact id: 'd6cb9e58debbea888580f45ab44b5ebf') in 0.007253 seconds 
  Import took 0.014209 seconds .

========================================================================
Received Import Request.
  Time since last request: 13.229401 seconds.
  path: Assets/StoryNodes/Felin/F8_Pelage_Brillant_Canape_Question_L.asset
  artifactKey: Guid(d1e22ab08aa07c640a4015646b2c8f92) Importer(815301076,1909f56bfc062723c751e8b465ee728b)
Start importing Assets/StoryNodes/Felin/F8_Pelage_Brillant_Canape_Question_L.asset using Guid(d1e22ab08aa07c640a4015646b2c8f92) Importer(815301076,1909f56bfc062723c751e8b465ee728b)  -> (artifact id: '31727f5c3cadc216efe45d6790711927') in 0.008320 seconds 
  Import took 0.015257 seconds .

========================================================================
Received Import Request.
  Time since last request: 26.027951 seconds.
  path: Assets/StoryNodes/Felin/F8_Pelage_Brillant_Sol_Question_L.asset
  artifactKey: Guid(e02f4c22c41a80d41977a41891fcbeba) Importer(815301076,1909f56bfc062723c751e8b465ee728b)
Start importing Assets/StoryNodes/Felin/F8_Pelage_Brillant_Sol_Question_L.asset using Guid(e02f4c22c41a80d41977a41891fcbeba) Importer(815301076,1909f56bfc062723c751e8b465ee728b)  -> (artifact id: 'cc0edc3cff4c4e6b9356bd22c1da330f') in 0.006821 seconds 
  Import took 0.012701 seconds .

========================================================================
Received Import Request.
  Time since last request: 2542.498672 seconds.
  path: Assets/StoryNodes/Felin/F8_.asset
  artifactKey: Guid(84b8e513c566b9644ae1298cfc649676) Importer(815301076,1909f56bfc062723c751e8b465ee728b)
Start importing Assets/StoryNodes/Felin/F8_.asset using Guid(84b8e513c566b9644ae1298cfc649676) Importer(815301076,1909f56bfc062723c751e8b465ee728b)  -> (artifact id: 'bcdf3be74ed49a1861f15d70e9085e74') in 0.007355 seconds 
  Import took 0.020362 seconds .

========================================================================
Received Import Request.
  Time since last request: 35.276890 seconds.
  path: Assets/StoryNodes/Felin/F8_Pelage_Brilliant_Parquet.asset
  artifactKey: Guid(84b8e513c566b9644ae1298cfc649676) Importer(815301076,1909f56bfc062723c751e8b465ee728b)
Start importing Assets/StoryNodes/Felin/F8_Pelage_Brilliant_Parquet.asset using Guid(84b8e513c566b9644ae1298cfc649676) Importer(815301076,1909f56bfc062723c751e8b465ee728b)  -> (artifact id: '31a4dc7b874e96ceedfc73f542fb2db7') in 0.006252 seconds 
  Import took 0.012135 seconds .

========================================================================
Received Import Request.
  Time since last request: 68.317424 seconds.
  path: Assets/StoryNodes/Felin/F8_Pelage_Brilliant_Canape.asset
  artifactKey: Guid(e0693281eb4c0844381b048d645786e6) Importer(815301076,1909f56bfc062723c751e8b465ee728b)
Start importing Assets/StoryNodes/Felin/F8_Pelage_Brilliant_Canape.asset using Guid(e0693281eb4c0844381b048d645786e6) Importer(815301076,1909f56bfc062723c751e8b465ee728b)  -> (artifact id: '113aa9d96e47a297bcab9a27b6942b00') in 0.015079 seconds 
  Import took 0.030213 seconds .

========================================================================
Received Import Request.
  Time since last request: 338.811025 seconds.
  path: Assets/Scenes/Felin.unity
  artifactKey: Guid(b00350294ffd52545a220b2c593ed611) Importer(815301076,1909f56bfc062723c751e8b465ee728b)
Start importing Assets/Scenes/Felin.unity using Guid(b00350294ffd52545a220b2c593ed611) Importer(815301076,1909f56bfc062723c751e8b465ee728b)  -> (artifact id: '90ad7c87239a12aa55a467d81c0717c1') in 0.003239 seconds 
  Import took 0.009466 seconds .

========================================================================
Received Import Request.
  Time since last request: 1.323932 seconds.
  path: Assets/Scenes/Plomberie_Au_Tripot.unity
  artifactKey: Guid(05b0243645700f747a73a3671beb6aa1) Importer(815301076,1909f56bfc062723c751e8b465ee728b)
Start importing Assets/Scenes/Plomberie_Au_Tripot.unity using Guid(05b0243645700f747a73a3671beb6aa1) Importer(815301076,1909f56bfc062723c751e8b465ee728b)  -> (artifact id: 'e55558f891e195c0b3efd43312889fa5') in 0.002625 seconds 
  Import took 0.007982 seconds .

========================================================================
Received Import Request.
  Time since last request: 107.736513 seconds.
  path: Assets/Fonts/BluuNext-Bold SDF.asset
  artifactKey: Guid(dc8d36f610f15824c93e6479747e63b3) Importer(815301076,1909f56bfc062723c751e8b465ee728b)
Start importing Assets/Fonts/BluuNext-Bold SDF.asset using Guid(dc8d36f610f15824c93e6479747e63b3) Importer(815301076,1909f56bfc062723c751e8b465ee728b)  -> (artifact id: '37fd3e659a0b0950b8e5fa3dcf113176') in 0.242821 seconds 
  Import took 0.250383 seconds .

========================================================================
Received Import Request.
  Time since last request: 0.000159 seconds.
  path: Assets/Fonts/BluuNext-Titling SDF.asset
  artifactKey: Guid(512e6bce022d8fb44bd856f2f2da273d) Importer(815301076,1909f56bfc062723c751e8b465ee728b)
Start importing Assets/Fonts/BluuNext-Titling SDF.asset using Guid(512e6bce022d8fb44bd856f2f2da273d) Importer(815301076,1909f56bfc062723c751e8b465ee728b)  -> (artifact id: '246acd6b5638fc894e5b0c700f93e9e8') in 0.030262 seconds 
  Import took 0.036668 seconds .

========================================================================
Received Import Request.
  Time since last request: 0.000159 seconds.
  path: Assets/Fonts/FengardoNeue_Regular SDF.asset
  artifactKey: Guid(9b70c960311485f4188fdae47341e3b8) Importer(815301076,1909f56bfc062723c751e8b465ee728b)
Start importing Assets/Fonts/FengardoNeue_Regular SDF.asset using Guid(9b70c960311485f4188fdae47341e3b8) Importer(815301076,1909f56bfc062723c751e8b465ee728b)  -> (artifact id: '8920e82b2fcef3652bffae0e733ad900') in 0.030359 seconds 
  Import took 0.036515 seconds .

========================================================================
Received Import Request.
  Time since last request: 0.000154 seconds.
  path: Assets/Fonts/BluuNext-Bold.otf
  artifactKey: Guid(febc2f92b365cf74b8a92cb9bf7a1cfc) Importer(815301076,1909f56bfc062723c751e8b465ee728b)
Start importing Assets/Fonts/BluuNext-Bold.otf using Guid(febc2f92b365cf74b8a92cb9bf7a1cfc) Importer(815301076,1909f56bfc062723c751e8b465ee728b)  -> (artifact id: '0c2151882a2320fea4340b6097ef1579') in 0.028989 seconds 
  Import took 0.034355 seconds .

========================================================================
Received Import Request.
  Time since last request: 0.000157 seconds.
  path: Assets/Fonts/FengardoNeue_Black SDF.asset
  artifactKey: Guid(4013654111343bc4597dd5b93585cdd4) Importer(815301076,1909f56bfc062723c751e8b465ee728b)
Start importing Assets/Fonts/FengardoNeue_Black SDF.asset using Guid(4013654111343bc4597dd5b93585cdd4) Importer(815301076,1909f56bfc062723c751e8b465ee728b)  -> (artifact id: 'ea1ac764e8973ded46e14536a236b706') in 0.025979 seconds 
  Import took 0.032298 seconds .

========================================================================
Received Import Request.
  Time since last request: 0.000147 seconds.
  path: Assets/Fonts/BluuNext-Bolditalic SDF.asset
  artifactKey: Guid(e84c37e6fd873c0499a368121a2cfadb) Importer(815301076,1909f56bfc062723c751e8b465ee728b)
Start importing Assets/Fonts/BluuNext-Bolditalic SDF.asset using Guid(e84c37e6fd873c0499a368121a2cfadb) Importer(815301076,1909f56bfc062723c751e8b465ee728b)  -> (artifact id: '2728c887134ac5b39ca518a6ef97d050') in 0.029477 seconds 
  Import took 0.034740 seconds .

========================================================================
Received Import Request.
  Time since last request: 0.000187 seconds.
  path: Assets/Fonts/BluuNext-Bolditalic.otf
  artifactKey: Guid(1d7b828aa82d37f44b4272bc7cde5b9d) Importer(815301076,1909f56bfc062723c751e8b465ee728b)
Start importing Assets/Fonts/BluuNext-Bolditalic.otf using Guid(1d7b828aa82d37f44b4272bc7cde5b9d) Importer(815301076,1909f56bfc062723c751e8b465ee728b)  -> (artifact id: '2834e0328e50a1d608708cf341c6374e') in 0.018690 seconds 
  Import took 0.025205 seconds .

========================================================================
Received Import Request.
  Time since last request: 0.000204 seconds.
  path: Assets/Fonts/BluuNext-Titling.otf
  artifactKey: Guid(35a52b3e0f531dc42b81875c00494e40) Importer(815301076,1909f56bfc062723c751e8b465ee728b)
Start importing Assets/Fonts/BluuNext-Titling.otf using Guid(35a52b3e0f531dc42b81875c00494e40) Importer(815301076,1909f56bfc062723c751e8b465ee728b)  -> (artifact id: '5abd0954fbf2c40fce588272e18cc68a') in 0.034074 seconds 
  Import took 0.041307 seconds .

========================================================================
Received Import Request.
  Time since last request: 0.001182 seconds.
  path: Assets/Fonts/FengardoNeue_Black.otf
  artifactKey: Guid(b7e6385e47f600841a907db445af3997) Importer(815301076,1909f56bfc062723c751e8b465ee728b)
Start importing Assets/Fonts/FengardoNeue_Black.otf using Guid(b7e6385e47f600841a907db445af3997) Importer(815301076,1909f56bfc062723c751e8b465ee728b)  -> (artifact id: 'dd89d13698f89772390f0c359d22b3d7') in 0.018067 seconds 
  Import took 0.025528 seconds .

========================================================================
Received Import Request.
  Time since last request: 0.000185 seconds.
  path: Assets/Fonts/FengardoNeue_Regular.otf
  artifactKey: Guid(9366fd6e3546e5d46a2db3d429717bc5) Importer(815301076,1909f56bfc062723c751e8b465ee728b)
Start importing Assets/Fonts/FengardoNeue_Regular.otf using Guid(9366fd6e3546e5d46a2db3d429717bc5) Importer(815301076,1909f56bfc062723c751e8b465ee728b)  -> (artifact id: '999f305812e150df001a9cf7772d12af') in 0.020386 seconds 
  Import took 0.027693 seconds .

========================================================================
Received Import Request.
  Time since last request: 0.074006 seconds.
  path: Assets/TextMesh Pro/Fonts/LiberationSans.ttf
  artifactKey: Guid(e3265ab4bf004d28a9537516768c1c75) Importer(815301076,1909f56bfc062723c751e8b465ee728b)
Start importing Assets/TextMesh Pro/Fonts/LiberationSans.ttf using Guid(e3265ab4bf004d28a9537516768c1c75) Importer(815301076,1909f56bfc062723c751e8b465ee728b)  -> (artifact id: '239ad3c6d1f136b50c9019bef213aa88') in 0.019113 seconds 
  Import took 0.025178 seconds .

========================================================================
Received Import Request.
  Time since last request: 0.000209 seconds.
  path: Assets/Fonts/friendlyscribbles.ttf
  artifactKey: Guid(82b8bb44f2c5b134fb2118a97a7076b1) Importer(815301076,1909f56bfc062723c751e8b465ee728b)
Start importing Assets/Fonts/friendlyscribbles.ttf using Guid(82b8bb44f2c5b134fb2118a97a7076b1) Importer(815301076,1909f56bfc062723c751e8b465ee728b)  -> (artifact id: '890050239462a6683ccf03860bfac1b0') in 0.016393 seconds 
  Import took 0.023328 seconds .

========================================================================
Received Import Request.
  Time since last request: 0.253004 seconds.
  path: Assets/Fonts/Galliard-Roman.otf
  artifactKey: Guid(54251c45b3aba9d48bf08ff441f793eb) Importer(815301076,1909f56bfc062723c751e8b465ee728b)
Start importing Assets/Fonts/Galliard-Roman.otf using Guid(54251c45b3aba9d48bf08ff441f793eb) Importer(815301076,1909f56bfc062723c751e8b465ee728b)  -> (artifact id: '078140af6fcadd2c0c2cc17d75e8ca50') in 0.018446 seconds 
  Import took 0.024680 seconds .

========================================================================
Received Import Request.
  Time since last request: 0.000246 seconds.
  path: Assets/Fonts/friendlyscribbles SDF.asset
  artifactKey: Guid(781eb40c27c4f7642bd31c69bcf10167) Importer(815301076,1909f56bfc062723c751e8b465ee728b)
Start importing Assets/Fonts/friendlyscribbles SDF.asset using Guid(781eb40c27c4f7642bd31c69bcf10167) Importer(815301076,1909f56bfc062723c751e8b465ee728b)  -> (artifact id: '93c3148c2c257d275a8158e8c79f4a47') in 0.030523 seconds 
  Import took 0.036279 seconds .

========================================================================
Received Import Request.
  Time since last request: 0.000812 seconds.
  path: Assets/Fonts/Galliard-Roman SDF.asset
  artifactKey: Guid(d8c5b094e0dbf4048bffb469db3e098d) Importer(815301076,1909f56bfc062723c751e8b465ee728b)
Start importing Assets/Fonts/Galliard-Roman SDF.asset using Guid(d8c5b094e0dbf4048bffb469db3e098d) Importer(815301076,1909f56bfc062723c751e8b465ee728b)  -> (artifact id: 'bf5f218b4419de986ef9ba385b506ac5') in 0.027241 seconds 
  Import took 0.034067 seconds .

========================================================================
Received Import Request.
  Time since last request: 0.000203 seconds.
  path: Assets/TextMesh Pro/Resources/Fonts & Materials/LiberationSans SDF - Drop Shadow.mat
  artifactKey: Guid(e73a58f6e2794ae7b1b7e50b7fb811b0) Importer(815301076,1909f56bfc062723c751e8b465ee728b)
Start importing Assets/TextMesh Pro/Resources/Fonts & Materials/LiberationSans SDF - Drop Shadow.mat using Guid(e73a58f6e2794ae7b1b7e50b7fb811b0) Importer(815301076,1909f56bfc062723c751e8b465ee728b)  -> (artifact id: 'aa1232d3a2373d7dd83e36a8d6a1b1df') in 0.035819 seconds 
  Import took 0.041761 seconds .

========================================================================
Received Import Request.
  Time since last request: 0.297556 seconds.
  path: Assets/TextMesh Pro/Resources/Fonts & Materials/LiberationSans SDF - Outline.mat
  artifactKey: Guid(79459efec17a4d00a321bdcc27bbc385) Importer(815301076,1909f56bfc062723c751e8b465ee728b)
Start importing Assets/TextMesh Pro/Resources/Fonts & Materials/LiberationSans SDF - Outline.mat using Guid(79459efec17a4d00a321bdcc27bbc385) Importer(815301076,1909f56bfc062723c751e8b465ee728b)  -> (artifact id: 'b21e39d7fa534dd85aa4512a8d92a93c') in 0.094758 seconds 
  Import took 0.101253 seconds .

========================================================================
Received Import Request.
  Time since last request: 0.000194 seconds.
  path: Assets/TextMesh Pro/Resources/Fonts & Materials/LiberationSans SDF - Fallback.asset
  artifactKey: Guid(2e498d1c8094910479dc3e1b768306a4) Importer(815301076,1909f56bfc062723c751e8b465ee728b)
Start importing Assets/TextMesh Pro/Resources/Fonts & Materials/LiberationSans SDF - Fallback.asset using Guid(2e498d1c8094910479dc3e1b768306a4) Importer(815301076,1909f56bfc062723c751e8b465ee728b)  -> (artifact id: 'a259f122d4221952c55a3b47e1e4d411') in 0.024436 seconds 
  Import took 0.032629 seconds .

========================================================================
Received Import Request.
  Time since last request: 0.176867 seconds.
  path: Assets/TextMesh Pro/Resources/Fonts & Materials/LiberationSans SDF.asset
  artifactKey: Guid(8f586378b4e144a9851e7b34d9b748ee) Importer(815301076,1909f56bfc062723c751e8b465ee728b)
Start importing Assets/TextMesh Pro/Resources/Fonts & Materials/LiberationSans SDF.asset using Guid(8f586378b4e144a9851e7b34d9b748ee) Importer(815301076,1909f56bfc062723c751e8b465ee728b)  -> (artifact id: '5c0cb22e01ad7a9d517bbf3f89f5783d') in 0.051327 seconds 
  Import took 0.062696 seconds .

========================================================================
Received Import Request.
  Time since last request: 0.000207 seconds.
  path: Assets/Materials/Skybox_Mat.mat
  artifactKey: Guid(0ffaa0b7117ba8c47a9d05ae701d4b4d) Importer(815301076,1909f56bfc062723c751e8b465ee728b)
Start importing Assets/Materials/Skybox_Mat.mat using Guid(0ffaa0b7117ba8c47a9d05ae701d4b4d) Importer(815301076,1909f56bfc062723c751e8b465ee728b)  -> (artifact id: '4d54ab3375f41efad00566dcae11def2') in 0.022752 seconds 
  Import took 0.029919 seconds .

========================================================================
Received Import Request.
  Time since last request: 49.651696 seconds.
  path: Assets/Sprites/Home.png
  artifactKey: Guid(5c30a6cb1ac841a4fbec40b1f5e7b46e) Importer(815301076,1909f56bfc062723c751e8b465ee728b)
Start importing Assets/Sprites/Home.png using Guid(5c30a6cb1ac841a4fbec40b1f5e7b46e) Importer(815301076,1909f56bfc062723c751e8b465ee728b)  -> (artifact id: 'd65f9d7e31a2cc2d6825af8e51935bc0') in 0.020307 seconds 
  Import took 0.025979 seconds .

========================================================================
Received Import Request.
  Time since last request: 3.903109 seconds.
  path: Assets/Sprites/Home.png
  artifactKey: Guid(5c30a6cb1ac841a4fbec40b1f5e7b46e) Importer(815301076,1909f56bfc062723c751e8b465ee728b)
Start importing Assets/Sprites/Home.png using Guid(5c30a6cb1ac841a4fbec40b1f5e7b46e) Importer(815301076,1909f56bfc062723c751e8b465ee728b)  -> (artifact id: '312b79d408f4d8b636e020b95a1779f5') in 0.028575 seconds 
  Import took 0.036927 seconds .

========================================================================
Received Prepare
Registering precompiled user dll's ...
Registered in 0.010121 seconds.
Begin MonoManager ReloadAssembly
Native extension for WindowsStandalone target not found
Native extension for WebGL target not found
Refreshing native plugins compatible for Editor in 1.06 ms, found 4 plugins.
Preloading 0 native plugins for Editor in 0.00 ms.
Mono: successfully reloaded assembly
- Completed reload, in  1.192 seconds
Domain Reload Profiling:
	ReloadAssembly (1192ms)
		BeginReloadAssembly (150ms)
			ExecutionOrderSort (0ms)
			DisableScriptedObjects (6ms)
			BackupInstance (0ms)
			ReleaseScriptingObjects (0ms)
			CreateAndSetChildDomain (57ms)
		EndReloadAssembly (987ms)
			LoadAssemblies (94ms)
			RebuildTransferFunctionScriptingTraits (0ms)
			SetupTypeCache (366ms)
			ReleaseScriptCaches (2ms)
			RebuildScriptCaches (48ms)
			SetupLoadedEditorAssemblies (293ms)
				LogAssemblyErrors (0ms)
				InitializePlatformSupportModulesInManaged (4ms)
				SetLoadedEditorAssemblies (0ms)
				RefreshPlugins (1ms)
				BeforeProcessingInitializeOnLoad (89ms)
				ProcessInitializeOnLoadAttributes (188ms)
				ProcessInitializeOnLoadMethodAttributes (5ms)
				AfterProcessingInitializeOnLoad (6ms)
				EditorAssembliesLoaded (0ms)
			ExecutionOrderSort2 (0ms)
			AwakeInstancesAfterBackupRestoration (30ms)
Platform modules already initialized, skipping
Refreshing native plugins compatible for Editor in 1.82 ms, found 4 plugins.
Preloading 0 native plugins for Editor in 0.00 ms.
Unloading 3804 Unused Serialized files (Serialized files now loaded: 0)
System memory in use before: 160.0 MB.
System memory in use after: 160.3 MB.

Unloading 73 unused Assets to reduce memory usage. Loaded Objects now: 4427.
Total: 3.218500 ms (FindLiveObjects: 0.350800 ms CreateObjectMapping: 0.182400 ms MarkObjects: 2.653400 ms  DeleteObjects: 0.030600 ms)

AssetImportParameters requested are different than current active one (requested -> active):
  custom:framework-win-MediaFoundation: 216162199b28c13a410421893ffa2e32 -> 
  custom:video-decoder-ogg-theora: a1e56fd34408186e4bbccfd4996cb3dc -> 
  custom:container-muxer-webm: aa71ff27fc2769a1b78a27578f13a17b -> 
  custom:container-demuxer-webm: 4f35f7cbe854078d1ac9338744f61a02 -> 
  custom:container-demuxer-ogg: 62fdf1f143b41e24485cea50d1cbac27 -> 
  custom:video-encoder-webm-vp8: eb34c28f22e8b96e1ab97ce403110664 -> 
  custom:video-decoder-webm-vp8: 9c59270c3fd7afecdb556c50c9e8de78 -> 
  custom:audio-decoder-ogg-vorbis: bf7c407c2cedff20999df2af8eb42d56 -> 
  custom:audio-encoder-webm-vorbis: bf7c407c2cedff20999df2af8eb42d56 -> 
AssetImportWorkerClient::OnTransportError - code=2 error=End of file
