Using pre-set license
Built from '2020.3/staging' branch; Version is '2020.3.19f1 (68f137dc9bbe) revision 6877495'; Using compiler version '192528614'; Build Type 'Release'
OS: 'Windows 10 Home; OS build 19043.1237; Version 2009; 64bit' Language: 'fr' Physical Memory: 16284 MB
BatchMode: 1, IsHumanControllingUs: 0, StartBugReporterOnCrash: 0, Is64bit: 1, IsPro: 0

COMMAND LINE ARGUMENTS:
C:\Program Files\Unity\Hub\Editor\2020.3.19f1\Editor\Unity.exe
-adb2
-batchMode
-noUpm
-name
AssetImportWorker0
-projectPath
D:/Travail/2021-2022_ENJMIN2/Web_Stories/Web_Stories/Web_Stories_Project
-logFile
Logs/AssetImportWorker0.log
-srvPort
52392
Successfully changed project path to: D:/Travail/2021-2022_ENJMIN2/Web_Stories/Web_Stories/Web_Stories_Project
D:/Travail/2021-2022_ENJMIN2/Web_Stories/Web_Stories/Web_Stories_Project
Using Asset Import Pipeline V2.
Refreshing native plugins compatible for Editor in 109.03 ms, found 4 plugins.
Preloading 0 native plugins for Editor in 0.00 ms.
Initialize engine version: 2020.3.19f1 (68f137dc9bbe)
[Subsystems] Discovering subsystems at path C:/Program Files/Unity/Hub/Editor/2020.3.19f1/Editor/Data/Resources/UnitySubsystems
[Subsystems] Discovering subsystems at path D:/Travail/2021-2022_ENJMIN2/Web_Stories/Web_Stories/Web_Stories_Project/Assets
GfxDevice: creating device client; threaded=0
Direct3D:
    Version:  Direct3D 11.0 [level 11.1]
    Renderer: AMD Radeon HD 7900 Series (ID=0x679a)
    Vendor:   
    VRAM:     3051 MB
    Driver:   27.20.20903.8001
Initialize mono
Mono path[0] = 'C:/Program Files/Unity/Hub/Editor/2020.3.19f1/Editor/Data/Managed'
Mono path[1] = 'C:/Program Files/Unity/Hub/Editor/2020.3.19f1/Editor/Data/MonoBleedingEdge/lib/mono/unityjit'
Mono config path = 'C:/Program Files/Unity/Hub/Editor/2020.3.19f1/Editor/Data/MonoBleedingEdge/etc'
Using monoOptions --debugger-agent=transport=dt_socket,embedding=1,server=y,suspend=n,address=127.0.0.1:56304
Begin MonoManager ReloadAssembly
Registering precompiled unity dll's ...
Register platform support module: C:/Program Files/Unity/Hub/Editor/2020.3.19f1/Editor/Data/PlaybackEngines/WebGLSupport/UnityEditor.WebGL.Extensions.dll
Register platform support module: C:/Program Files/Unity/Hub/Editor/2020.3.19f1/Editor/Data/PlaybackEngines/WindowsStandaloneSupport/UnityEditor.WindowsStandalone.Extensions.dll
Registered in 0.005291 seconds.
Native extension for WindowsStandalone target not found
Native extension for WebGL target not found
Refreshing native plugins compatible for Editor in 104.17 ms, found 4 plugins.
Preloading 0 native plugins for Editor in 0.00 ms.
Mono: successfully reloaded assembly
- Completed reload, in  2.050 seconds
Domain Reload Profiling:
	ReloadAssembly (2050ms)
		BeginReloadAssembly (86ms)
			ExecutionOrderSort (0ms)
			DisableScriptedObjects (0ms)
			BackupInstance (0ms)
			ReleaseScriptingObjects (0ms)
			CreateAndSetChildDomain (1ms)
		EndReloadAssembly (783ms)
			LoadAssemblies (82ms)
			RebuildTransferFunctionScriptingTraits (0ms)
			SetupTypeCache (287ms)
			ReleaseScriptCaches (0ms)
			RebuildScriptCaches (55ms)
			SetupLoadedEditorAssemblies (322ms)
				LogAssemblyErrors (0ms)
				InitializePlatformSupportModulesInManaged (7ms)
				SetLoadedEditorAssemblies (0ms)
				RefreshPlugins (104ms)
				BeforeProcessingInitializeOnLoad (28ms)
				ProcessInitializeOnLoadAttributes (137ms)
				ProcessInitializeOnLoadMethodAttributes (45ms)
				AfterProcessingInitializeOnLoad (0ms)
				EditorAssembliesLoaded (0ms)
			ExecutionOrderSort2 (0ms)
			AwakeInstancesAfterBackupRestoration (0ms)
Platform modules already initialized, skipping
Registering precompiled user dll's ...
Registered in 0.007433 seconds.
Begin MonoManager ReloadAssembly
Native extension for WindowsStandalone target not found
Native extension for WebGL target not found
Refreshing native plugins compatible for Editor in 106.24 ms, found 4 plugins.
Preloading 0 native plugins for Editor in 0.00 ms.
Mono: successfully reloaded assembly
- Completed reload, in  2.040 seconds
Domain Reload Profiling:
	ReloadAssembly (2041ms)
		BeginReloadAssembly (241ms)
			ExecutionOrderSort (0ms)
			DisableScriptedObjects (7ms)
			BackupInstance (0ms)
			ReleaseScriptingObjects (0ms)
			CreateAndSetChildDomain (30ms)
		EndReloadAssembly (1677ms)
			LoadAssemblies (143ms)
			RebuildTransferFunctionScriptingTraits (0ms)
			SetupTypeCache (575ms)
			ReleaseScriptCaches (1ms)
			RebuildScriptCaches (102ms)
			SetupLoadedEditorAssemblies (642ms)
				LogAssemblyErrors (0ms)
				InitializePlatformSupportModulesInManaged (8ms)
				SetLoadedEditorAssemblies (0ms)
				RefreshPlugins (106ms)
				BeforeProcessingInitializeOnLoad (154ms)
				ProcessInitializeOnLoadAttributes (354ms)
				ProcessInitializeOnLoadMethodAttributes (6ms)
				AfterProcessingInitializeOnLoad (13ms)
				EditorAssembliesLoaded (0ms)
			ExecutionOrderSort2 (0ms)
			AwakeInstancesAfterBackupRestoration (10ms)
Platform modules already initialized, skipping
========================================================================
Worker process is ready to serve import requests
Launched and connected shader compiler UnityShaderCompiler.exe after 0.06 seconds
Refreshing native plugins compatible for Editor in 1.44 ms, found 4 plugins.
Preloading 0 native plugins for Editor in 0.00 ms.
Unloading 3039 Unused Serialized files (Serialized files now loaded: 0)
System memory in use before: 136.3 MB.
System memory in use after: 136.6 MB.

Unloading 73 unused Assets to reduce memory usage. Loaded Objects now: 3426.
Total: 4.848400 ms (FindLiveObjects: 0.588200 ms CreateObjectMapping: 0.157900 ms MarkObjects: 4.030600 ms  DeleteObjects: 0.069800 ms)

AssetImportParameters requested are different than current active one (requested -> active):
  custom:framework-win-MediaFoundation: 216162199b28c13a410421893ffa2e32 -> 
  custom:video-decoder-ogg-theora: a1e56fd34408186e4bbccfd4996cb3dc -> 
  custom:container-muxer-webm: aa71ff27fc2769a1b78a27578f13a17b -> 
  custom:container-demuxer-webm: 4f35f7cbe854078d1ac9338744f61a02 -> 
  custom:container-demuxer-ogg: 62fdf1f143b41e24485cea50d1cbac27 -> 
  custom:video-encoder-webm-vp8: eb34c28f22e8b96e1ab97ce403110664 -> 
  custom:video-decoder-webm-vp8: 9c59270c3fd7afecdb556c50c9e8de78 -> 
  custom:audio-decoder-ogg-vorbis: bf7c407c2cedff20999df2af8eb42d56 -> 
  custom:audio-encoder-webm-vorbis: bf7c407c2cedff20999df2af8eb42d56 -> 
========================================================================
Received Import Request.
  path: Assets/Shaders
  artifactKey: Guid(5e67f63a2890e2746810468835db0a0c) Importer(815301076,1909f56bfc062723c751e8b465ee728b)
Start importing Assets/Shaders using Guid(5e67f63a2890e2746810468835db0a0c) Importer(815301076,1909f56bfc062723c751e8b465ee728b)  -> (artifact id: '3b9da05be685d9a3141764ff48b11fa9') in 0.008072 seconds 
  Import took 0.013716 seconds .

========================================================================
Received Import Request.
  Time since last request: 0.000295 seconds.
  path: Assets/Shaders/WobblyMaterial.mat
  artifactKey: Guid(e3157efa7c735ee4f981ec0f8c7f12a7) Importer(815301076,1909f56bfc062723c751e8b465ee728b)
Start importing Assets/Shaders/WobblyMaterial.mat using Guid(e3157efa7c735ee4f981ec0f8c7f12a7) Importer(815301076,1909f56bfc062723c751e8b465ee728b)  -> (artifact id: '6360f44d235f27b6053ae8438432ebfc') in 1.065144 seconds 
  Import took 1.070581 seconds .

========================================================================
Received Import Request.
  Time since last request: 62.247598 seconds.
  path: Assets/Shaders/FourFrameWobbleSprite.shadergraph
  artifactKey: Guid(a45d49aca1e70184794e51c0e801d17b) Importer(815301076,1909f56bfc062723c751e8b465ee728b)
Start importing Assets/Shaders/FourFrameWobbleSprite.shadergraph using Guid(a45d49aca1e70184794e51c0e801d17b) Importer(815301076,1909f56bfc062723c751e8b465ee728b)  -> (artifact id: '3b00e2cc48dcfda11aafaae8ca9573ff') in 0.005646 seconds 
  Import took 0.012401 seconds .

========================================================================
Received Import Request.
  Time since last request: 158.072403 seconds.
  path: Assets/Shaders/FourFrameWobbleSprite.shadergraph
  artifactKey: Guid(a45d49aca1e70184794e51c0e801d17b) Importer(815301076,1909f56bfc062723c751e8b465ee728b)
Start importing Assets/Shaders/FourFrameWobbleSprite.shadergraph using Guid(a45d49aca1e70184794e51c0e801d17b) Importer(815301076,1909f56bfc062723c751e8b465ee728b)  -> (artifact id: 'a5f10eec47b58a7d570bf61dc42b15b1') in 0.003302 seconds 
  Import took 0.010551 seconds .

========================================================================
Received Import Request.
  Time since last request: 246.324671 seconds.
  path: Assets/Shaders/FlowMap.png
  artifactKey: Guid(7caeb7b97ac4fd94eb0c7565def77950) Importer(815301076,1909f56bfc062723c751e8b465ee728b)
Start importing Assets/Shaders/FlowMap.png using Guid(7caeb7b97ac4fd94eb0c7565def77950) Importer(815301076,1909f56bfc062723c751e8b465ee728b)  -> (artifact id: 'a48499f3a3cdb6acede94bfccc5befb8') in 0.030001 seconds 
  Import took 0.038209 seconds .

========================================================================
Received Import Request.
  Time since last request: 100.395702 seconds.
  path: Assets/Sprites/5d15effbf9940486ef1b20e0d6b4a0ef.jpg
  artifactKey: Guid(2e5470e9c3e181844b8cb0c93f7fdd29) Importer(815301076,1909f56bfc062723c751e8b465ee728b)
Start importing Assets/Sprites/5d15effbf9940486ef1b20e0d6b4a0ef.jpg using Guid(2e5470e9c3e181844b8cb0c93f7fdd29) Importer(815301076,1909f56bfc062723c751e8b465ee728b)  -> (artifact id: 'fb807b7dcd625b0b506a469949ef7bcd') in 0.044179 seconds 
  Import took 0.051090 seconds .

========================================================================
Received Import Request.
  Time since last request: 0.000251 seconds.
  path: Assets/Fonts/BluuNext-Titling SDF.asset
  artifactKey: Guid(512e6bce022d8fb44bd856f2f2da273d) Importer(815301076,1909f56bfc062723c751e8b465ee728b)
Start importing Assets/Fonts/BluuNext-Titling SDF.asset using Guid(512e6bce022d8fb44bd856f2f2da273d) Importer(815301076,1909f56bfc062723c751e8b465ee728b)  -> (artifact id: '7dfb46377f7392729012615c0d951491') in 0.068955 seconds 
  Import took 0.074719 seconds .

========================================================================
Received Import Request.
  Time since last request: 0.000234 seconds.
  path: Assets/Plugins/Demigiant/DOTween/Editor/Imgs/DOTweenIcon.png
  artifactKey: Guid(8da095e39e9b4df488dfd436f81116d6) Importer(815301076,1909f56bfc062723c751e8b465ee728b)
Start importing Assets/Plugins/Demigiant/DOTween/Editor/Imgs/DOTweenIcon.png using Guid(8da095e39e9b4df488dfd436f81116d6) Importer(815301076,1909f56bfc062723c751e8b465ee728b)  -> (artifact id: 'b58ad0df7ccac4cb42168e3011fb8ce7') in 0.009105 seconds 
  Import took 0.014957 seconds .

========================================================================
Received Import Request.
  Time since last request: 0.000283 seconds.
  path: Assets/Plugins/Demigiant/DOTween/Editor/Imgs/DOTweenMiniIcon.png
  artifactKey: Guid(61521df2e071645488ba3d05e49289ae) Importer(815301076,1909f56bfc062723c751e8b465ee728b)
Start importing Assets/Plugins/Demigiant/DOTween/Editor/Imgs/DOTweenMiniIcon.png using Guid(61521df2e071645488ba3d05e49289ae) Importer(815301076,1909f56bfc062723c751e8b465ee728b)  -> (artifact id: 'e6d2f47de73b06c5564fbb530071eba4') in 0.008678 seconds 
  Import took 0.014468 seconds .

========================================================================
Received Import Request.
  Time since last request: 0.000286 seconds.
  path: Assets/TextMesh Pro/Sprites/EmojiOne.png
  artifactKey: Guid(dffef66376be4fa480fb02b19edbe903) Importer(815301076,1909f56bfc062723c751e8b465ee728b)
Start importing Assets/TextMesh Pro/Sprites/EmojiOne.png using Guid(dffef66376be4fa480fb02b19edbe903) Importer(815301076,1909f56bfc062723c751e8b465ee728b)  -> (artifact id: 'd3090d2f8d52021e11f3160d039829f3') in 0.009155 seconds 
  Import took 0.014560 seconds .

========================================================================
Received Import Request.
  Time since last request: 0.000266 seconds.
  path: Assets/Fonts/BluuNext-Bold SDF.asset
  artifactKey: Guid(dc8d36f610f15824c93e6479747e63b3) Importer(815301076,1909f56bfc062723c751e8b465ee728b)
Start importing Assets/Fonts/BluuNext-Bold SDF.asset using Guid(dc8d36f610f15824c93e6479747e63b3) Importer(815301076,1909f56bfc062723c751e8b465ee728b)  -> (artifact id: '56387562a34cd27ff2a07f85ad03483e') in 0.026849 seconds 
  Import took 0.032897 seconds .

========================================================================
Received Import Request.
  Time since last request: 0.000366 seconds.
  path: Assets/Fonts/FengardoNeue_Black SDF.asset
  artifactKey: Guid(4013654111343bc4597dd5b93585cdd4) Importer(815301076,1909f56bfc062723c751e8b465ee728b)
Start importing Assets/Fonts/FengardoNeue_Black SDF.asset using Guid(4013654111343bc4597dd5b93585cdd4) Importer(815301076,1909f56bfc062723c751e8b465ee728b)  -> (artifact id: 'dead4549c993a46d89c32626f46d65f5') in 0.025775 seconds 
  Import took 0.031454 seconds .

========================================================================
Received Import Request.
  Time since last request: 0.000352 seconds.
  path: Assets/Fonts/BluuNext-Bolditalic SDF.asset
  artifactKey: Guid(e84c37e6fd873c0499a368121a2cfadb) Importer(815301076,1909f56bfc062723c751e8b465ee728b)
Start importing Assets/Fonts/BluuNext-Bolditalic SDF.asset using Guid(e84c37e6fd873c0499a368121a2cfadb) Importer(815301076,1909f56bfc062723c751e8b465ee728b)  -> (artifact id: '57440d4939f209bf745d7202b5c54575') in 0.026398 seconds 
  Import took 0.032056 seconds .

========================================================================
Received Import Request.
  Time since last request: 0.000389 seconds.
  path: Assets/Sprites/bisous-plein-coeur-homme-asiatique-x711w8.jpg
  artifactKey: Guid(6f813d5a1c6652e4d8e1ba2870c614ed) Importer(815301076,1909f56bfc062723c751e8b465ee728b)
Start importing Assets/Sprites/bisous-plein-coeur-homme-asiatique-x711w8.jpg using Guid(6f813d5a1c6652e4d8e1ba2870c614ed) Importer(815301076,1909f56bfc062723c751e8b465ee728b)  -> (artifact id: 'f576b21d9c41101569cadf3e857005d0') in 0.037648 seconds 
  Import took 0.043846 seconds .

========================================================================
Received Import Request.
  Time since last request: 1.209402 seconds.
  path: Assets/Fonts/FengardoNeue_Regular SDF.asset
  artifactKey: Guid(9b70c960311485f4188fdae47341e3b8) Importer(815301076,1909f56bfc062723c751e8b465ee728b)
Start importing Assets/Fonts/FengardoNeue_Regular SDF.asset using Guid(9b70c960311485f4188fdae47341e3b8) Importer(815301076,1909f56bfc062723c751e8b465ee728b)  -> (artifact id: '8f0345b8c6e7049bfeac8f627d12ee17') in 0.027176 seconds 
  Import took 0.034310 seconds .

========================================================================
Received Import Request.
  Time since last request: 0.597008 seconds.
  path: Assets/Plugins/Demigiant/DOTween/Editor/Imgs/Footer.png
  artifactKey: Guid(7051dba417b3d53409f2918f1ea4938d) Importer(815301076,1909f56bfc062723c751e8b465ee728b)
Start importing Assets/Plugins/Demigiant/DOTween/Editor/Imgs/Footer.png using Guid(7051dba417b3d53409f2918f1ea4938d) Importer(815301076,1909f56bfc062723c751e8b465ee728b)  -> (artifact id: '4b06bfb9e3963b791497750831a072ce') in 0.012117 seconds 
  Import took 0.019157 seconds .

========================================================================
Received Import Request.
  Time since last request: 0.000288 seconds.
  path: Assets/Plugins/Demigiant/DOTween/Editor/Imgs/Header.jpg
  artifactKey: Guid(78a59ca99f8987941adb61f9e14a06a7) Importer(815301076,1909f56bfc062723c751e8b465ee728b)
Start importing Assets/Plugins/Demigiant/DOTween/Editor/Imgs/Header.jpg using Guid(78a59ca99f8987941adb61f9e14a06a7) Importer(815301076,1909f56bfc062723c751e8b465ee728b)  -> (artifact id: 'f0111bd350d0071ec6e34254257eb158') in 0.012139 seconds 
  Import took 0.017684 seconds .

========================================================================
Received Import Request.
  Time since last request: 0.000418 seconds.
  path: Assets/Plugins/Demigiant/DOTween/Editor/Imgs/Footer_dark.png
  artifactKey: Guid(519694efe2bb2914788b151fbd8c01f4) Importer(815301076,1909f56bfc062723c751e8b465ee728b)
Start importing Assets/Plugins/Demigiant/DOTween/Editor/Imgs/Footer_dark.png using Guid(519694efe2bb2914788b151fbd8c01f4) Importer(815301076,1909f56bfc062723c751e8b465ee728b)  -> (artifact id: '2c8f843460956187612c2e1464fb21a5') in 0.008436 seconds 
  Import took 0.014343 seconds .

========================================================================
Received Import Request.
  Time since last request: 0.062429 seconds.
  path: Assets/TutorialInfo/Icons/Help_Icon.png
  artifactKey: Guid(34f556d724b1bbf4097ca6220db2c581) Importer(815301076,1909f56bfc062723c751e8b465ee728b)
Start importing Assets/TutorialInfo/Icons/Help_Icon.png using Guid(34f556d724b1bbf4097ca6220db2c581) Importer(815301076,1909f56bfc062723c751e8b465ee728b)  -> (artifact id: '6adcb76bd3991f6832a279ad76638fd2') in 0.008807 seconds 
  Import took 0.015238 seconds .

========================================================================
Received Import Request.
  Time since last request: 0.000264 seconds.
  path: Assets/Sprites/PT/Plan de travail 1.png
  artifactKey: Guid(4b9a8b23bb20ab44fb89168b555941cf) Importer(815301076,1909f56bfc062723c751e8b465ee728b)
Start importing Assets/Sprites/PT/Plan de travail 1.png using Guid(4b9a8b23bb20ab44fb89168b555941cf) Importer(815301076,1909f56bfc062723c751e8b465ee728b)  -> (artifact id: '6d0508295ac9eddd8ea871983aa66ecd') in 0.014418 seconds 
  Import took 0.020159 seconds .

========================================================================
Received Import Request.
  Time since last request: 0.000207 seconds.
  path: Assets/TextMesh Pro/Resources/Fonts & Materials/LiberationSans SDF - Fallback.asset
  artifactKey: Guid(2e498d1c8094910479dc3e1b768306a4) Importer(815301076,1909f56bfc062723c751e8b465ee728b)
Start importing Assets/TextMesh Pro/Resources/Fonts & Materials/LiberationSans SDF - Fallback.asset using Guid(2e498d1c8094910479dc3e1b768306a4) Importer(815301076,1909f56bfc062723c751e8b465ee728b)  -> (artifact id: 'efa4b716244a0c53ee3b19495d4e7be7') in 0.026562 seconds 
  Import took 0.033045 seconds .

========================================================================
Received Import Request.
  Time since last request: 0.000318 seconds.
  path: Assets/TextMesh Pro/Resources/Fonts & Materials/LiberationSans SDF.asset
  artifactKey: Guid(8f586378b4e144a9851e7b34d9b748ee) Importer(815301076,1909f56bfc062723c751e8b465ee728b)
Start importing Assets/TextMesh Pro/Resources/Fonts & Materials/LiberationSans SDF.asset using Guid(8f586378b4e144a9851e7b34d9b748ee) Importer(815301076,1909f56bfc062723c751e8b465ee728b)  -> (artifact id: '608fa88e17dbd9e954cfd06ab6ebde86') in 0.056689 seconds 
  Import took 0.062485 seconds .

========================================================================
Received Import Request.
  Time since last request: 0.386658 seconds.
  path: Assets/Sprites/PT/PT_01_A.png
  artifactKey: Guid(2ce627c276dd94140b1a49ce44a3ee9d) Importer(815301076,1909f56bfc062723c751e8b465ee728b)
Start importing Assets/Sprites/PT/PT_01_A.png using Guid(2ce627c276dd94140b1a49ce44a3ee9d) Importer(815301076,1909f56bfc062723c751e8b465ee728b)  -> (artifact id: 'd636861bf483d5f9c5f2df0d12ca6a9e') in 0.015334 seconds 
  Import took 0.022743 seconds .

========================================================================
Received Import Request.
  Time since last request: 0.000213 seconds.
  path: Assets/Sprites/PT/PT_01_R.png
  artifactKey: Guid(7ccee98776e938f4384dabe275c73bd9) Importer(815301076,1909f56bfc062723c751e8b465ee728b)
Start importing Assets/Sprites/PT/PT_01_R.png using Guid(7ccee98776e938f4384dabe275c73bd9) Importer(815301076,1909f56bfc062723c751e8b465ee728b)  -> (artifact id: 'cab0d5bc0ac4f3dae687c47a25c329f0') in 0.017572 seconds 
  Import took 0.024030 seconds .

========================================================================
Received Import Request.
  Time since last request: 0.000236 seconds.
  path: Assets/Sprites/PT/PT_02_A.png
  artifactKey: Guid(78de19d437edcfa40834297e58422470) Importer(815301076,1909f56bfc062723c751e8b465ee728b)
Start importing Assets/Sprites/PT/PT_02_A.png using Guid(78de19d437edcfa40834297e58422470) Importer(815301076,1909f56bfc062723c751e8b465ee728b)  -> (artifact id: '4e6ec281e57b3942566a3a502cd109aa') in 0.014455 seconds 
  Import took 0.022771 seconds .

========================================================================
Received Import Request.
  Time since last request: 0.000282 seconds.
  path: Assets/Sprites/Rounded40px@4x.png
  artifactKey: Guid(6e4d58b52bbf0294b93dbfffbf1be363) Importer(815301076,1909f56bfc062723c751e8b465ee728b)
Start importing Assets/Sprites/Rounded40px@4x.png using Guid(6e4d58b52bbf0294b93dbfffbf1be363) Importer(815301076,1909f56bfc062723c751e8b465ee728b)  -> (artifact id: '1839e68cfecbac03c037830dbb9f37b1') in 0.017306 seconds 
  Import took 0.023697 seconds .

========================================================================
Received Import Request.
  Time since last request: 0.000254 seconds.
  path: Assets/Sprites/PT/PT_01_L.png
  artifactKey: Guid(217eabf1d7e233d4cb67efabab8f0752) Importer(815301076,1909f56bfc062723c751e8b465ee728b)
Start importing Assets/Sprites/PT/PT_01_L.png using Guid(217eabf1d7e233d4cb67efabab8f0752) Importer(815301076,1909f56bfc062723c751e8b465ee728b)  -> (artifact id: '7ce183478ecdde719ed0e9d0a50165b7') in 0.014817 seconds 
  Import took 0.020932 seconds .

========================================================================
Received Import Request.
  Time since last request: 0.000260 seconds.
  path: Assets/Sprites/PT/PT_Intro_L.png
  artifactKey: Guid(73a72b07c8b7c6c4f92b609664c9345b) Importer(815301076,1909f56bfc062723c751e8b465ee728b)
Start importing Assets/Sprites/PT/PT_Intro_L.png using Guid(73a72b07c8b7c6c4f92b609664c9345b) Importer(815301076,1909f56bfc062723c751e8b465ee728b)  -> (artifact id: 'a0568267ea2fc69bf2373fb5d830dec0') in 0.014149 seconds 
  Import took 0.020007 seconds .

========================================================================
Received Import Request.
  Time since last request: 0.000278 seconds.
  path: Assets/Sprites/PT/PT_02_R.png
  artifactKey: Guid(2585430212ab9bb44a0f2b48ffaf0e5e) Importer(815301076,1909f56bfc062723c751e8b465ee728b)
Start importing Assets/Sprites/PT/PT_02_R.png using Guid(2585430212ab9bb44a0f2b48ffaf0e5e) Importer(815301076,1909f56bfc062723c751e8b465ee728b)  -> (artifact id: '90e63bd69acd3fffa2d68b22709b96b6') in 0.013517 seconds 
  Import took 0.019201 seconds .

========================================================================
Received Import Request.
  Time since last request: 0.000248 seconds.
  path: Assets/Sprites/PT/PT_01_B.png
  artifactKey: Guid(4894ab60d2265dd4aa921f73e3c7b028) Importer(815301076,1909f56bfc062723c751e8b465ee728b)
Start importing Assets/Sprites/PT/PT_01_B.png using Guid(4894ab60d2265dd4aa921f73e3c7b028) Importer(815301076,1909f56bfc062723c751e8b465ee728b)  -> (artifact id: 'b9b43c44066042e241fc0affbee3b569') in 0.014312 seconds 
  Import took 0.020249 seconds .

========================================================================
Received Import Request.
  Time since last request: 0.000315 seconds.
  path: Assets/Sprites/PT/PT_Intro_R.png
  artifactKey: Guid(983bdd323086fa5478aa0e7d37a8a5c4) Importer(815301076,1909f56bfc062723c751e8b465ee728b)
Start importing Assets/Sprites/PT/PT_Intro_R.png using Guid(983bdd323086fa5478aa0e7d37a8a5c4) Importer(815301076,1909f56bfc062723c751e8b465ee728b)  -> (artifact id: '77b3c0f6a2082efdd4cda036f33fbd00') in 0.013958 seconds 
  Import took 0.019470 seconds .

========================================================================
Received Import Request.
  Time since last request: 0.000239 seconds.
  path: Assets/Sprites/PT/PT_02_L.png
  artifactKey: Guid(ce980c9e46fd799478642558d50af629) Importer(815301076,1909f56bfc062723c751e8b465ee728b)
Start importing Assets/Sprites/PT/PT_02_L.png using Guid(ce980c9e46fd799478642558d50af629) Importer(815301076,1909f56bfc062723c751e8b465ee728b)  -> (artifact id: '1eff8f7d099632ce4194ed53ea3fcbda') in 0.014045 seconds 
  Import took 0.019700 seconds .

========================================================================
Received Import Request.
  Time since last request: 60.494806 seconds.
  path: Assets/Shaders/FourFrameWobbleSprite.shadergraph
  artifactKey: Guid(a45d49aca1e70184794e51c0e801d17b) Importer(815301076,1909f56bfc062723c751e8b465ee728b)
Start importing Assets/Shaders/FourFrameWobbleSprite.shadergraph using Guid(a45d49aca1e70184794e51c0e801d17b) Importer(815301076,1909f56bfc062723c751e8b465ee728b)  -> (artifact id: '9ca1fa03cc6a50fc73935a56c9f487e7') in 0.003787 seconds 
  Import took 0.010233 seconds .

========================================================================
Received Import Request.
  Time since last request: 21.668838 seconds.
  path: Assets/Shaders/WobblySprite.mat
  artifactKey: Guid(fe8659710e8ee27468a55ac347d82b2d) Importer(815301076,1909f56bfc062723c751e8b465ee728b)
Start importing Assets/Shaders/WobblySprite.mat using Guid(fe8659710e8ee27468a55ac347d82b2d) Importer(815301076,1909f56bfc062723c751e8b465ee728b)  -> (artifact id: '45917061bc2d2216df9f5a0d58a74d91') in 0.019332 seconds 
  Import took 0.025765 seconds .

========================================================================
Received Prepare
Registering precompiled user dll's ...
Registered in 0.008079 seconds.
Begin MonoManager ReloadAssembly
Native extension for WindowsStandalone target not found
Native extension for WebGL target not found
Refreshing native plugins compatible for Editor in 1.60 ms, found 4 plugins.
Preloading 0 native plugins for Editor in 0.00 ms.
Mono: successfully reloaded assembly
- Completed reload, in  2.028 seconds
Domain Reload Profiling:
	ReloadAssembly (2029ms)
		BeginReloadAssembly (237ms)
			ExecutionOrderSort (0ms)
			DisableScriptedObjects (12ms)
			BackupInstance (0ms)
			ReleaseScriptingObjects (0ms)
			CreateAndSetChildDomain (74ms)
		EndReloadAssembly (1660ms)
			LoadAssemblies (178ms)
			RebuildTransferFunctionScriptingTraits (0ms)
			SetupTypeCache (638ms)
			ReleaseScriptCaches (2ms)
			RebuildScriptCaches (101ms)
			SetupLoadedEditorAssemblies (504ms)
				LogAssemblyErrors (0ms)
				InitializePlatformSupportModulesInManaged (8ms)
				SetLoadedEditorAssemblies (1ms)
				RefreshPlugins (2ms)
				BeforeProcessingInitializeOnLoad (138ms)
				ProcessInitializeOnLoadAttributes (333ms)
				ProcessInitializeOnLoadMethodAttributes (8ms)
				AfterProcessingInitializeOnLoad (14ms)
				EditorAssembliesLoaded (0ms)
			ExecutionOrderSort2 (0ms)
			AwakeInstancesAfterBackupRestoration (23ms)
Platform modules already initialized, skipping
Refreshing native plugins compatible for Editor in 1.60 ms, found 4 plugins.
Preloading 0 native plugins for Editor in 0.00 ms.
Unloading 2914 Unused Serialized files (Serialized files now loaded: 0)
System memory in use before: 133.5 MB.
System memory in use after: 133.8 MB.

Unloading 69 unused Assets to reduce memory usage. Loaded Objects now: 3521.
Total: 5.203500 ms (FindLiveObjects: 0.689200 ms CreateObjectMapping: 0.210400 ms MarkObjects: 4.255100 ms  DeleteObjects: 0.046200 ms)

AssetImportParameters requested are different than current active one (requested -> active):
  custom:framework-win-MediaFoundation: 216162199b28c13a410421893ffa2e32 -> 
  custom:video-decoder-ogg-theora: a1e56fd34408186e4bbccfd4996cb3dc -> 
  custom:container-muxer-webm: aa71ff27fc2769a1b78a27578f13a17b -> 
  custom:container-demuxer-webm: 4f35f7cbe854078d1ac9338744f61a02 -> 
  custom:container-demuxer-ogg: 62fdf1f143b41e24485cea50d1cbac27 -> 
  custom:video-encoder-webm-vp8: eb34c28f22e8b96e1ab97ce403110664 -> 
  custom:video-decoder-webm-vp8: 9c59270c3fd7afecdb556c50c9e8de78 -> 
  custom:audio-decoder-ogg-vorbis: bf7c407c2cedff20999df2af8eb42d56 -> 
  custom:audio-encoder-webm-vorbis: bf7c407c2cedff20999df2af8eb42d56 -> 
========================================================================
Received Prepare
Registering precompiled user dll's ...
Registered in 0.007978 seconds.
Begin MonoManager ReloadAssembly
Native extension for WindowsStandalone target not found
Native extension for WebGL target not found
Refreshing native plugins compatible for Editor in 1.56 ms, found 4 plugins.
Preloading 0 native plugins for Editor in 0.00 ms.
Mono: successfully reloaded assembly
- Completed reload, in  1.983 seconds
Domain Reload Profiling:
	ReloadAssembly (1983ms)
		BeginReloadAssembly (204ms)
			ExecutionOrderSort (0ms)
			DisableScriptedObjects (9ms)
			BackupInstance (0ms)
			ReleaseScriptingObjects (0ms)
			CreateAndSetChildDomain (67ms)
		EndReloadAssembly (1652ms)
			LoadAssemblies (165ms)
			RebuildTransferFunctionScriptingTraits (0ms)
			SetupTypeCache (636ms)
			ReleaseScriptCaches (2ms)
			RebuildScriptCaches (99ms)
			SetupLoadedEditorAssemblies (501ms)
				LogAssemblyErrors (0ms)
				InitializePlatformSupportModulesInManaged (9ms)
				SetLoadedEditorAssemblies (1ms)
				RefreshPlugins (2ms)
				BeforeProcessingInitializeOnLoad (151ms)
				ProcessInitializeOnLoadAttributes (318ms)
				ProcessInitializeOnLoadMethodAttributes (7ms)
				AfterProcessingInitializeOnLoad (13ms)
				EditorAssembliesLoaded (0ms)
			ExecutionOrderSort2 (0ms)
			AwakeInstancesAfterBackupRestoration (25ms)
Platform modules already initialized, skipping
Refreshing native plugins compatible for Editor in 1.55 ms, found 4 plugins.
Preloading 0 native plugins for Editor in 0.00 ms.
Unloading 2913 Unused Serialized files (Serialized files now loaded: 0)
System memory in use before: 133.3 MB.
System memory in use after: 133.6 MB.

Unloading 69 unused Assets to reduce memory usage. Loaded Objects now: 3523.
Total: 4.833500 ms (FindLiveObjects: 0.583500 ms CreateObjectMapping: 0.155300 ms MarkObjects: 4.043000 ms  DeleteObjects: 0.050400 ms)

AssetImportParameters requested are different than current active one (requested -> active):
  custom:framework-win-MediaFoundation: 216162199b28c13a410421893ffa2e32 -> 
  custom:video-decoder-ogg-theora: a1e56fd34408186e4bbccfd4996cb3dc -> 
  custom:container-muxer-webm: aa71ff27fc2769a1b78a27578f13a17b -> 
  custom:container-demuxer-webm: 4f35f7cbe854078d1ac9338744f61a02 -> 
  custom:container-demuxer-ogg: 62fdf1f143b41e24485cea50d1cbac27 -> 
  custom:video-encoder-webm-vp8: eb34c28f22e8b96e1ab97ce403110664 -> 
  custom:video-decoder-webm-vp8: 9c59270c3fd7afecdb556c50c9e8de78 -> 
  custom:audio-decoder-ogg-vorbis: bf7c407c2cedff20999df2af8eb42d56 -> 
  custom:audio-encoder-webm-vorbis: bf7c407c2cedff20999df2af8eb42d56 -> 
========================================================================
Received Prepare
Registering precompiled user dll's ...
Registered in 0.007290 seconds.
Begin MonoManager ReloadAssembly
Native extension for WindowsStandalone target not found
Native extension for WebGL target not found
Refreshing native plugins compatible for Editor in 1.65 ms, found 4 plugins.
Preloading 0 native plugins for Editor in 0.00 ms.
Mono: successfully reloaded assembly
- Completed reload, in  2.348 seconds
Domain Reload Profiling:
	ReloadAssembly (2349ms)
		BeginReloadAssembly (223ms)
			ExecutionOrderSort (0ms)
			DisableScriptedObjects (11ms)
			BackupInstance (0ms)
			ReleaseScriptingObjects (0ms)
			CreateAndSetChildDomain (74ms)
		EndReloadAssembly (1986ms)
			LoadAssemblies (177ms)
			RebuildTransferFunctionScriptingTraits (0ms)
			SetupTypeCache (786ms)
			ReleaseScriptCaches (7ms)
			RebuildScriptCaches (106ms)
			SetupLoadedEditorAssemblies (622ms)
				LogAssemblyErrors (0ms)
				InitializePlatformSupportModulesInManaged (10ms)
				SetLoadedEditorAssemblies (1ms)
				RefreshPlugins (2ms)
				BeforeProcessingInitializeOnLoad (164ms)
				ProcessInitializeOnLoadAttributes (419ms)
				ProcessInitializeOnLoadMethodAttributes (10ms)
				AfterProcessingInitializeOnLoad (15ms)
				EditorAssembliesLoaded (1ms)
			ExecutionOrderSort2 (0ms)
			AwakeInstancesAfterBackupRestoration (39ms)
Platform modules already initialized, skipping
Refreshing native plugins compatible for Editor in 1.75 ms, found 4 plugins.
Preloading 0 native plugins for Editor in 0.00 ms.
Unloading 2913 Unused Serialized files (Serialized files now loaded: 0)
System memory in use before: 133.4 MB.
System memory in use after: 133.6 MB.

Unloading 69 unused Assets to reduce memory usage. Loaded Objects now: 3525.
Total: 10.092100 ms (FindLiveObjects: 0.798500 ms CreateObjectMapping: 0.423900 ms MarkObjects: 8.806800 ms  DeleteObjects: 0.061200 ms)

AssetImportParameters requested are different than current active one (requested -> active):
  custom:framework-win-MediaFoundation: 216162199b28c13a410421893ffa2e32 -> 
  custom:video-decoder-ogg-theora: a1e56fd34408186e4bbccfd4996cb3dc -> 
  custom:container-muxer-webm: aa71ff27fc2769a1b78a27578f13a17b -> 
  custom:container-demuxer-webm: 4f35f7cbe854078d1ac9338744f61a02 -> 
  custom:container-demuxer-ogg: 62fdf1f143b41e24485cea50d1cbac27 -> 
  custom:video-encoder-webm-vp8: eb34c28f22e8b96e1ab97ce403110664 -> 
  custom:video-decoder-webm-vp8: 9c59270c3fd7afecdb556c50c9e8de78 -> 
  custom:audio-decoder-ogg-vorbis: bf7c407c2cedff20999df2af8eb42d56 -> 
  custom:audio-encoder-webm-vorbis: bf7c407c2cedff20999df2af8eb42d56 -> 
========================================================================
Received Prepare
Registering precompiled user dll's ...
Registered in 0.007105 seconds.
Begin MonoManager ReloadAssembly
Native extension for WindowsStandalone target not found
Native extension for WebGL target not found
Refreshing native plugins compatible for Editor in 1.66 ms, found 4 plugins.
Preloading 0 native plugins for Editor in 0.00 ms.
Mono: successfully reloaded assembly
- Completed reload, in  1.982 seconds
Domain Reload Profiling:
	ReloadAssembly (1983ms)
		BeginReloadAssembly (185ms)
			ExecutionOrderSort (0ms)
			DisableScriptedObjects (8ms)
			BackupInstance (0ms)
			ReleaseScriptingObjects (0ms)
			CreateAndSetChildDomain (62ms)
		EndReloadAssembly (1669ms)
			LoadAssemblies (156ms)
			RebuildTransferFunctionScriptingTraits (0ms)
			SetupTypeCache (654ms)
			ReleaseScriptCaches (4ms)
			RebuildScriptCaches (83ms)
			SetupLoadedEditorAssemblies (538ms)
				LogAssemblyErrors (0ms)
				InitializePlatformSupportModulesInManaged (8ms)
				SetLoadedEditorAssemblies (1ms)
				RefreshPlugins (2ms)
				BeforeProcessingInitializeOnLoad (159ms)
				ProcessInitializeOnLoadAttributes (348ms)
				ProcessInitializeOnLoadMethodAttributes (8ms)
				AfterProcessingInitializeOnLoad (13ms)
				EditorAssembliesLoaded (0ms)
			ExecutionOrderSort2 (0ms)
			AwakeInstancesAfterBackupRestoration (24ms)
Platform modules already initialized, skipping
Refreshing native plugins compatible for Editor in 1.58 ms, found 4 plugins.
Preloading 0 native plugins for Editor in 0.00 ms.
Unloading 2913 Unused Serialized files (Serialized files now loaded: 0)
System memory in use before: 133.4 MB.
System memory in use after: 133.6 MB.

Unloading 69 unused Assets to reduce memory usage. Loaded Objects now: 3527.
Total: 4.896700 ms (FindLiveObjects: 0.628700 ms CreateObjectMapping: 0.158200 ms MarkObjects: 4.066100 ms  DeleteObjects: 0.042100 ms)

AssetImportParameters requested are different than current active one (requested -> active):
  custom:framework-win-MediaFoundation: 216162199b28c13a410421893ffa2e32 -> 
  custom:video-decoder-ogg-theora: a1e56fd34408186e4bbccfd4996cb3dc -> 
  custom:container-muxer-webm: aa71ff27fc2769a1b78a27578f13a17b -> 
  custom:container-demuxer-webm: 4f35f7cbe854078d1ac9338744f61a02 -> 
  custom:container-demuxer-ogg: 62fdf1f143b41e24485cea50d1cbac27 -> 
  custom:video-encoder-webm-vp8: eb34c28f22e8b96e1ab97ce403110664 -> 
  custom:video-decoder-webm-vp8: 9c59270c3fd7afecdb556c50c9e8de78 -> 
  custom:audio-decoder-ogg-vorbis: bf7c407c2cedff20999df2af8eb42d56 -> 
  custom:audio-encoder-webm-vorbis: bf7c407c2cedff20999df2af8eb42d56 -> 
========================================================================
Received Prepare
Registering precompiled user dll's ...
Registered in 0.007653 seconds.
Begin MonoManager ReloadAssembly
Native extension for WindowsStandalone target not found
Native extension for WebGL target not found
Refreshing native plugins compatible for Editor in 2.21 ms, found 4 plugins.
Preloading 0 native plugins for Editor in 0.00 ms.
Mono: successfully reloaded assembly
- Completed reload, in  2.073 seconds
Domain Reload Profiling:
	ReloadAssembly (2073ms)
		BeginReloadAssembly (201ms)
			ExecutionOrderSort (0ms)
			DisableScriptedObjects (7ms)
			BackupInstance (0ms)
			ReleaseScriptingObjects (0ms)
			CreateAndSetChildDomain (63ms)
		EndReloadAssembly (1745ms)
			LoadAssemblies (176ms)
			RebuildTransferFunctionScriptingTraits (0ms)
			SetupTypeCache (679ms)
			ReleaseScriptCaches (3ms)
			RebuildScriptCaches (83ms)
			SetupLoadedEditorAssemblies (554ms)
				LogAssemblyErrors (0ms)
				InitializePlatformSupportModulesInManaged (7ms)
				SetLoadedEditorAssemblies (1ms)
				RefreshPlugins (2ms)
				BeforeProcessingInitializeOnLoad (174ms)
				ProcessInitializeOnLoadAttributes (350ms)
				ProcessInitializeOnLoadMethodAttributes (7ms)
				AfterProcessingInitializeOnLoad (13ms)
				EditorAssembliesLoaded (0ms)
			ExecutionOrderSort2 (0ms)
			AwakeInstancesAfterBackupRestoration (30ms)
Platform modules already initialized, skipping
Refreshing native plugins compatible for Editor in 1.93 ms, found 4 plugins.
Preloading 0 native plugins for Editor in 0.00 ms.
Unloading 2913 Unused Serialized files (Serialized files now loaded: 0)
System memory in use before: 133.4 MB.
System memory in use after: 133.6 MB.

Unloading 69 unused Assets to reduce memory usage. Loaded Objects now: 3529.
Total: 5.566500 ms (FindLiveObjects: 0.722100 ms CreateObjectMapping: 0.197500 ms MarkObjects: 4.590100 ms  DeleteObjects: 0.054400 ms)

AssetImportParameters requested are different than current active one (requested -> active):
  custom:framework-win-MediaFoundation: 216162199b28c13a410421893ffa2e32 -> 
  custom:video-decoder-ogg-theora: a1e56fd34408186e4bbccfd4996cb3dc -> 
  custom:container-muxer-webm: aa71ff27fc2769a1b78a27578f13a17b -> 
  custom:container-demuxer-webm: 4f35f7cbe854078d1ac9338744f61a02 -> 
  custom:container-demuxer-ogg: 62fdf1f143b41e24485cea50d1cbac27 -> 
  custom:video-encoder-webm-vp8: eb34c28f22e8b96e1ab97ce403110664 -> 
  custom:video-decoder-webm-vp8: 9c59270c3fd7afecdb556c50c9e8de78 -> 
  custom:audio-decoder-ogg-vorbis: bf7c407c2cedff20999df2af8eb42d56 -> 
  custom:audio-encoder-webm-vorbis: bf7c407c2cedff20999df2af8eb42d56 -> 
========================================================================
Received Import Request.
  Time since last request: 935.381802 seconds.
  path: Assets/Fonts/BluuNext-Bold.otf
  artifactKey: Guid(febc2f92b365cf74b8a92cb9bf7a1cfc) Importer(815301076,1909f56bfc062723c751e8b465ee728b)
Start importing Assets/Fonts/BluuNext-Bold.otf using Guid(febc2f92b365cf74b8a92cb9bf7a1cfc) Importer(815301076,1909f56bfc062723c751e8b465ee728b)  -> (artifact id: '316d44744eb5ba23b036d01ff16dbb5a') in 0.261993 seconds 
  Import took 0.268812 seconds .

========================================================================
Received Import Request.
  Time since last request: 0.000329 seconds.
  path: Assets/Fonts/FengardoNeue_Black.otf
  artifactKey: Guid(b7e6385e47f600841a907db445af3997) Importer(815301076,1909f56bfc062723c751e8b465ee728b)
Start importing Assets/Fonts/FengardoNeue_Black.otf using Guid(b7e6385e47f600841a907db445af3997) Importer(815301076,1909f56bfc062723c751e8b465ee728b)  -> (artifact id: '92931b5b5bba5afa13385008131a01f4') in 0.028141 seconds 
  Import took 0.035004 seconds .

========================================================================
Received Import Request.
  Time since last request: 0.000375 seconds.
  path: Assets/Fonts/FengardoNeue_Regular.otf
  artifactKey: Guid(9366fd6e3546e5d46a2db3d429717bc5) Importer(815301076,1909f56bfc062723c751e8b465ee728b)
Start importing Assets/Fonts/FengardoNeue_Regular.otf using Guid(9366fd6e3546e5d46a2db3d429717bc5) Importer(815301076,1909f56bfc062723c751e8b465ee728b)  -> (artifact id: 'f88e2e5b0c32a56d78fc91982734db6e') in 0.023803 seconds 
  Import took 0.032849 seconds .

========================================================================
Received Import Request.
  Time since last request: 0.000260 seconds.
  path: Assets/Fonts/BluuNext-Bolditalic.otf
  artifactKey: Guid(1d7b828aa82d37f44b4272bc7cde5b9d) Importer(815301076,1909f56bfc062723c751e8b465ee728b)
Start importing Assets/Fonts/BluuNext-Bolditalic.otf using Guid(1d7b828aa82d37f44b4272bc7cde5b9d) Importer(815301076,1909f56bfc062723c751e8b465ee728b)  -> (artifact id: 'da67c4acc88f7d9af74b501da00a5a31') in 0.015621 seconds 
  Import took 0.021425 seconds .

========================================================================
Received Import Request.
  Time since last request: 0.000264 seconds.
  path: Assets/Fonts/friendlyscribbles.ttf
  artifactKey: Guid(82b8bb44f2c5b134fb2118a97a7076b1) Importer(815301076,1909f56bfc062723c751e8b465ee728b)
Start importing Assets/Fonts/friendlyscribbles.ttf using Guid(82b8bb44f2c5b134fb2118a97a7076b1) Importer(815301076,1909f56bfc062723c751e8b465ee728b)  -> (artifact id: '667c13d7ab9e34d86b7086d969641546') in 0.019098 seconds 
  Import took 0.024480 seconds .

========================================================================
Received Import Request.
  Time since last request: 0.000299 seconds.
  path: Assets/Fonts/BluuNext-Titling.otf
  artifactKey: Guid(35a52b3e0f531dc42b81875c00494e40) Importer(815301076,1909f56bfc062723c751e8b465ee728b)
Start importing Assets/Fonts/BluuNext-Titling.otf using Guid(35a52b3e0f531dc42b81875c00494e40) Importer(815301076,1909f56bfc062723c751e8b465ee728b)  -> (artifact id: 'ae135306e88fef34be05a1dacda6af86') in 0.019506 seconds 
  Import took 0.026162 seconds .

========================================================================
Received Import Request.
  Time since last request: 22.679798 seconds.
  path: Assets/Fonts/friendlyscribbles SDF.asset
  artifactKey: Guid(781eb40c27c4f7642bd31c69bcf10167) Importer(815301076,1909f56bfc062723c751e8b465ee728b)
Start importing Assets/Fonts/friendlyscribbles SDF.asset using Guid(781eb40c27c4f7642bd31c69bcf10167) Importer(815301076,1909f56bfc062723c751e8b465ee728b)  -> (artifact id: '10de0d6197e0314061e94c1de41876f1') in 0.058051 seconds 
  Import took 0.064485 seconds .

========================================================================
Received Prepare
Registering precompiled user dll's ...
Registered in 0.022273 seconds.
Begin MonoManager ReloadAssembly
Native extension for WindowsStandalone target not found
Native extension for WebGL target not found
Refreshing native plugins compatible for Editor in 1.58 ms, found 4 plugins.
Preloading 0 native plugins for Editor in 0.00 ms.
Mono: successfully reloaded assembly
- Completed reload, in  2.203 seconds
Domain Reload Profiling:
	ReloadAssembly (2203ms)
		BeginReloadAssembly (209ms)
			ExecutionOrderSort (0ms)
			DisableScriptedObjects (10ms)
			BackupInstance (0ms)
			ReleaseScriptingObjects (0ms)
			CreateAndSetChildDomain (67ms)
		EndReloadAssembly (1853ms)
			LoadAssemblies (274ms)
			RebuildTransferFunctionScriptingTraits (0ms)
			SetupTypeCache (677ms)
			ReleaseScriptCaches (2ms)
			RebuildScriptCaches (93ms)
			SetupLoadedEditorAssemblies (556ms)
				LogAssemblyErrors (0ms)
				InitializePlatformSupportModulesInManaged (8ms)
				SetLoadedEditorAssemblies (1ms)
				RefreshPlugins (2ms)
				BeforeProcessingInitializeOnLoad (147ms)
				ProcessInitializeOnLoadAttributes (374ms)
				ProcessInitializeOnLoadMethodAttributes (9ms)
				AfterProcessingInitializeOnLoad (14ms)
				EditorAssembliesLoaded (1ms)
			ExecutionOrderSort2 (0ms)
			AwakeInstancesAfterBackupRestoration (30ms)
Platform modules already initialized, skipping
Refreshing native plugins compatible for Editor in 1.68 ms, found 4 plugins.
Preloading 0 native plugins for Editor in 0.00 ms.
Unloading 2913 Unused Serialized files (Serialized files now loaded: 0)
System memory in use before: 133.6 MB.
System memory in use after: 133.8 MB.

Unloading 69 unused Assets to reduce memory usage. Loaded Objects now: 3570.
Total: 5.781600 ms (FindLiveObjects: 0.664500 ms CreateObjectMapping: 0.212900 ms MarkObjects: 4.843900 ms  DeleteObjects: 0.058500 ms)

AssetImportParameters requested are different than current active one (requested -> active):
  custom:framework-win-MediaFoundation: 216162199b28c13a410421893ffa2e32 -> 
  custom:video-decoder-ogg-theora: a1e56fd34408186e4bbccfd4996cb3dc -> 
  custom:container-muxer-webm: aa71ff27fc2769a1b78a27578f13a17b -> 
  custom:container-demuxer-webm: 4f35f7cbe854078d1ac9338744f61a02 -> 
  custom:container-demuxer-ogg: 62fdf1f143b41e24485cea50d1cbac27 -> 
  custom:video-encoder-webm-vp8: eb34c28f22e8b96e1ab97ce403110664 -> 
  custom:video-decoder-webm-vp8: 9c59270c3fd7afecdb556c50c9e8de78 -> 
  custom:audio-decoder-ogg-vorbis: bf7c407c2cedff20999df2af8eb42d56 -> 
  custom:audio-encoder-webm-vorbis: bf7c407c2cedff20999df2af8eb42d56 -> 
========================================================================
Received Import Request.
  Time since last request: 326.235341 seconds.
  path: Assets/Fonts/friendlyscribbles SDF.asset
  artifactKey: Guid(781eb40c27c4f7642bd31c69bcf10167) Importer(815301076,1909f56bfc062723c751e8b465ee728b)
Start importing Assets/Fonts/friendlyscribbles SDF.asset using Guid(781eb40c27c4f7642bd31c69bcf10167) Importer(815301076,1909f56bfc062723c751e8b465ee728b)  -> (artifact id: 'be6af865e9c177d0edc9db2f0b301bbd') in 0.283127 seconds 
  Import took 0.290727 seconds .

========================================================================
Received Import Request.
  Time since last request: 17.065441 seconds.
  path: Assets/Fonts/BluuNext-Bold SDF.asset
  artifactKey: Guid(dc8d36f610f15824c93e6479747e63b3) Importer(815301076,1909f56bfc062723c751e8b465ee728b)
Start importing Assets/Fonts/BluuNext-Bold SDF.asset using Guid(dc8d36f610f15824c93e6479747e63b3) Importer(815301076,1909f56bfc062723c751e8b465ee728b)  -> (artifact id: '677cddd8c584263834f462d9f38a91dc') in 0.062736 seconds 
  Import took 0.070261 seconds .

========================================================================
Received Import Request.
  Time since last request: 14.623032 seconds.
  path: Assets/Fonts/BluuNext-Bolditalic SDF.asset
  artifactKey: Guid(e84c37e6fd873c0499a368121a2cfadb) Importer(815301076,1909f56bfc062723c751e8b465ee728b)
Start importing Assets/Fonts/BluuNext-Bolditalic SDF.asset using Guid(e84c37e6fd873c0499a368121a2cfadb) Importer(815301076,1909f56bfc062723c751e8b465ee728b)  -> (artifact id: 'c0bfad1dc00be98d7945b54f775cf01f') in 0.028927 seconds 
  Import took 0.037756 seconds .

========================================================================
Received Prepare
Registering precompiled user dll's ...
Registered in 0.008032 seconds.
Begin MonoManager ReloadAssembly
Native extension for WindowsStandalone target not found
Native extension for WebGL target not found
Refreshing native plugins compatible for Editor in 2.00 ms, found 4 plugins.
Preloading 0 native plugins for Editor in 0.00 ms.
Mono: successfully reloaded assembly
- Completed reload, in  2.125 seconds
Domain Reload Profiling:
	ReloadAssembly (2126ms)
		BeginReloadAssembly (202ms)
			ExecutionOrderSort (0ms)
			DisableScriptedObjects (11ms)
			BackupInstance (0ms)
			ReleaseScriptingObjects (0ms)
			CreateAndSetChildDomain (71ms)
		EndReloadAssembly (1792ms)
			LoadAssemblies (168ms)
			RebuildTransferFunctionScriptingTraits (0ms)
			SetupTypeCache (686ms)
			ReleaseScriptCaches (2ms)
			RebuildScriptCaches (95ms)
			SetupLoadedEditorAssemblies (556ms)
				LogAssemblyErrors (0ms)
				InitializePlatformSupportModulesInManaged (10ms)
				SetLoadedEditorAssemblies (1ms)
				RefreshPlugins (2ms)
				BeforeProcessingInitializeOnLoad (153ms)
				ProcessInitializeOnLoadAttributes (367ms)
				ProcessInitializeOnLoadMethodAttributes (9ms)
				AfterProcessingInitializeOnLoad (14ms)
				EditorAssembliesLoaded (1ms)
			ExecutionOrderSort2 (0ms)
			AwakeInstancesAfterBackupRestoration (30ms)
Platform modules already initialized, skipping
Refreshing native plugins compatible for Editor in 1.78 ms, found 4 plugins.
Preloading 0 native plugins for Editor in 0.00 ms.
Unloading 2913 Unused Serialized files (Serialized files now loaded: 0)
System memory in use before: 133.7 MB.
System memory in use after: 134.0 MB.

Unloading 69 unused Assets to reduce memory usage. Loaded Objects now: 3609.
Total: 9.354600 ms (FindLiveObjects: 0.755100 ms CreateObjectMapping: 0.462700 ms MarkObjects: 8.069300 ms  DeleteObjects: 0.065100 ms)

AssetImportParameters requested are different than current active one (requested -> active):
  custom:framework-win-MediaFoundation: 216162199b28c13a410421893ffa2e32 -> 
  custom:video-decoder-ogg-theora: a1e56fd34408186e4bbccfd4996cb3dc -> 
  custom:container-muxer-webm: aa71ff27fc2769a1b78a27578f13a17b -> 
  custom:container-demuxer-webm: 4f35f7cbe854078d1ac9338744f61a02 -> 
  custom:container-demuxer-ogg: 62fdf1f143b41e24485cea50d1cbac27 -> 
  custom:video-encoder-webm-vp8: eb34c28f22e8b96e1ab97ce403110664 -> 
  custom:video-decoder-webm-vp8: 9c59270c3fd7afecdb556c50c9e8de78 -> 
  custom:audio-decoder-ogg-vorbis: bf7c407c2cedff20999df2af8eb42d56 -> 
  custom:audio-encoder-webm-vorbis: bf7c407c2cedff20999df2af8eb42d56 -> 
========================================================================
Received Prepare
Registering precompiled user dll's ...
Registered in 0.007050 seconds.
Begin MonoManager ReloadAssembly
Native extension for WindowsStandalone target not found
Native extension for WebGL target not found
Refreshing native plugins compatible for Editor in 1.65 ms, found 4 plugins.
Preloading 0 native plugins for Editor in 0.00 ms.
Mono: successfully reloaded assembly
- Completed reload, in  1.801 seconds
Domain Reload Profiling:
	ReloadAssembly (1801ms)
		BeginReloadAssembly (183ms)
			ExecutionOrderSort (0ms)
			DisableScriptedObjects (9ms)
			BackupInstance (0ms)
			ReleaseScriptingObjects (0ms)
			CreateAndSetChildDomain (59ms)
		EndReloadAssembly (1511ms)
			LoadAssemblies (142ms)
			RebuildTransferFunctionScriptingTraits (0ms)
			SetupTypeCache (552ms)
			ReleaseScriptCaches (2ms)
			RebuildScriptCaches (77ms)
			SetupLoadedEditorAssemblies (510ms)
				LogAssemblyErrors (0ms)
				InitializePlatformSupportModulesInManaged (7ms)
				SetLoadedEditorAssemblies (1ms)
				RefreshPlugins (2ms)
				BeforeProcessingInitializeOnLoad (130ms)
				ProcessInitializeOnLoadAttributes (351ms)
				ProcessInitializeOnLoadMethodAttributes (7ms)
				AfterProcessingInitializeOnLoad (12ms)
				EditorAssembliesLoaded (0ms)
			ExecutionOrderSort2 (0ms)
			AwakeInstancesAfterBackupRestoration (25ms)
Platform modules already initialized, skipping
Refreshing native plugins compatible for Editor in 1.59 ms, found 4 plugins.
Preloading 0 native plugins for Editor in 0.00 ms.
Unloading 2913 Unused Serialized files (Serialized files now loaded: 0)
System memory in use before: 133.7 MB.
System memory in use after: 134.0 MB.

Unloading 69 unused Assets to reduce memory usage. Loaded Objects now: 3611.
Total: 5.091300 ms (FindLiveObjects: 0.570900 ms CreateObjectMapping: 0.156300 ms MarkObjects: 4.309100 ms  DeleteObjects: 0.053200 ms)

AssetImportParameters requested are different than current active one (requested -> active):
  custom:framework-win-MediaFoundation: 216162199b28c13a410421893ffa2e32 -> 
  custom:video-decoder-ogg-theora: a1e56fd34408186e4bbccfd4996cb3dc -> 
  custom:container-muxer-webm: aa71ff27fc2769a1b78a27578f13a17b -> 
  custom:container-demuxer-webm: 4f35f7cbe854078d1ac9338744f61a02 -> 
  custom:container-demuxer-ogg: 62fdf1f143b41e24485cea50d1cbac27 -> 
  custom:video-encoder-webm-vp8: eb34c28f22e8b96e1ab97ce403110664 -> 
  custom:video-decoder-webm-vp8: 9c59270c3fd7afecdb556c50c9e8de78 -> 
  custom:audio-decoder-ogg-vorbis: bf7c407c2cedff20999df2af8eb42d56 -> 
  custom:audio-encoder-webm-vorbis: bf7c407c2cedff20999df2af8eb42d56 -> 
========================================================================
Received Import Request.
  Time since last request: 1017.167030 seconds.
  path: Assets/Fonts/Galliard-Roman.otf
  artifactKey: Guid(54251c45b3aba9d48bf08ff441f793eb) Importer(815301076,1909f56bfc062723c751e8b465ee728b)
Start importing Assets/Fonts/Galliard-Roman.otf using Guid(54251c45b3aba9d48bf08ff441f793eb) Importer(815301076,1909f56bfc062723c751e8b465ee728b)  -> (artifact id: '920312d4933baaceeb76df8d5536bca3') in 0.250060 seconds 
  Import took 0.258820 seconds .

========================================================================
Received Import Request.
  Time since last request: 22.561697 seconds.
  path: Assets/Fonts/Galliard-Roman SDF.asset
  artifactKey: Guid(d8c5b094e0dbf4048bffb469db3e098d) Importer(815301076,1909f56bfc062723c751e8b465ee728b)
Start importing Assets/Fonts/Galliard-Roman SDF.asset using Guid(d8c5b094e0dbf4048bffb469db3e098d) Importer(815301076,1909f56bfc062723c751e8b465ee728b)  -> (artifact id: '3ad73aafa73278f54e538b98497416b3') in 0.054745 seconds 
  Import took 0.060974 seconds .

========================================================================
Received Prepare
Registering precompiled user dll's ...
Registered in 0.006904 seconds.
Begin MonoManager ReloadAssembly
Native extension for WindowsStandalone target not found
Native extension for WebGL target not found
Refreshing native plugins compatible for Editor in 1.52 ms, found 4 plugins.
Preloading 0 native plugins for Editor in 0.00 ms.
Mono: successfully reloaded assembly
- Completed reload, in  1.854 seconds
Domain Reload Profiling:
	ReloadAssembly (1854ms)
		BeginReloadAssembly (166ms)
			ExecutionOrderSort (0ms)
			DisableScriptedObjects (10ms)
			BackupInstance (0ms)
			ReleaseScriptingObjects (0ms)
			CreateAndSetChildDomain (58ms)
		EndReloadAssembly (1570ms)
			LoadAssemblies (139ms)
			RebuildTransferFunctionScriptingTraits (0ms)
			SetupTypeCache (632ms)
			ReleaseScriptCaches (2ms)
			RebuildScriptCaches (76ms)
			SetupLoadedEditorAssemblies (491ms)
				LogAssemblyErrors (0ms)
				InitializePlatformSupportModulesInManaged (7ms)
				SetLoadedEditorAssemblies (1ms)
				RefreshPlugins (2ms)
				BeforeProcessingInitializeOnLoad (138ms)
				ProcessInitializeOnLoadAttributes (322ms)
				ProcessInitializeOnLoadMethodAttributes (8ms)
				AfterProcessingInitializeOnLoad (13ms)
				EditorAssembliesLoaded (0ms)
			ExecutionOrderSort2 (0ms)
			AwakeInstancesAfterBackupRestoration (26ms)
Platform modules already initialized, skipping
Refreshing native plugins compatible for Editor in 1.59 ms, found 4 plugins.
Preloading 0 native plugins for Editor in 0.00 ms.
Unloading 2913 Unused Serialized files (Serialized files now loaded: 0)
System memory in use before: 133.9 MB.
System memory in use after: 134.1 MB.

Unloading 69 unused Assets to reduce memory usage. Loaded Objects now: 3650.
Total: 5.289200 ms (FindLiveObjects: 0.562800 ms CreateObjectMapping: 0.154700 ms MarkObjects: 4.523300 ms  DeleteObjects: 0.046200 ms)

AssetImportParameters requested are different than current active one (requested -> active):
  custom:framework-win-MediaFoundation: 216162199b28c13a410421893ffa2e32 -> 
  custom:video-decoder-ogg-theora: a1e56fd34408186e4bbccfd4996cb3dc -> 
  custom:container-muxer-webm: aa71ff27fc2769a1b78a27578f13a17b -> 
  custom:container-demuxer-webm: 4f35f7cbe854078d1ac9338744f61a02 -> 
  custom:container-demuxer-ogg: 62fdf1f143b41e24485cea50d1cbac27 -> 
  custom:video-encoder-webm-vp8: eb34c28f22e8b96e1ab97ce403110664 -> 
  custom:video-decoder-webm-vp8: 9c59270c3fd7afecdb556c50c9e8de78 -> 
  custom:audio-decoder-ogg-vorbis: bf7c407c2cedff20999df2af8eb42d56 -> 
  custom:audio-encoder-webm-vorbis: bf7c407c2cedff20999df2af8eb42d56 -> 
AssetImportWorkerClient::OnTransportError - code=2 error=End of file
